[2022-09-21 16:49:19] [pool-7-thread-1 INFO] CustomSkinLoader 14.8
[2022-09-21 16:49:19] [pool-7-thread-1 INFO] DataDir: C:\Users\19029\Desktop\Coding\program files\platform\[绵羊服]泰拉瑞亚RPG\[绵羊服]泰拉瑞亚RPG客户端\PCL\.minecraft\CustomSkinLoader
[2022-09-21 16:49:19] [pool-7-thread-1 INFO] Minecraft: 1.12.2(1.12.2)
[2022-09-21 16:49:19] [pool-7-thread-1 INFO] Config File: C:\Users\19029\Desktop\Coding\program files\platform\[绵羊服]泰拉瑞亚RPG\[绵羊服]泰拉瑞亚RPG客户端\PCL\.minecraft\CustomSkinLoader\CustomSkinLoader.json
[2022-09-21 16:49:19] [pool-7-thread-1 INFO] Try to load config.
[2022-09-21 16:49:19] [pool-7-thread-1 INFO] Successfully load config.
[2022-09-21 16:49:19] [pool-7-thread-1 INFO] EnableDynamicSkull:true, EnableTranSkin:true, IgnoreHttpsCertificate:false, CacheExpiry:20, EnableUpdateSkull:false, EnableLocalProfileCache:false, EnableCacheAutoClean:false, LoadList:5
[2022-09-21 16:49:19] [laomianyang INFO] Loading laomianyang's profile.
[2022-09-21 16:49:19] [laomianyang INFO] 1/5 Try to load profile from 'Mojang'.
[2022-09-21 16:49:19] [laomianyang DEBUG] Try to request 'https://api.mojang.com/users/profiles/minecraft/laomianyang'.
[2022-09-21 16:49:19] [laomianyang DEBUG] Cache file found (Length: 0 , Path: 'C:\Users\19029\Desktop\Coding\program files\platform\[绵羊服]泰拉瑞亚RPG\[绵羊服]泰拉瑞亚RPG客户端\PCL\.minecraft\CustomSkinLoader\caches\956c7c39b8488d6e480d9ffc20cd1cbbaa85aee3' , Expire: 0')
[2022-09-21 16:49:19] [laomianyang INFO] Try to load from cache 'C:\Users\19029\Desktop\Coding\program files\platform\[绵羊服]泰拉瑞亚RPG\[绵羊服]泰拉瑞亚RPG客户端\PCL\.minecraft\CustomSkinLoader\caches\956c7c39b8488d6e480d9ffc20cd1cbbaa85aee3'.
[2022-09-21 16:49:19] [laomianyang DEBUG] Successfully load from cache
[2022-09-21 16:49:19] [laomianyang DEBUG] Content: 
[2022-09-21 16:49:19] [laomianyang INFO] Profile not found.(laomianyang's profile not found.)
[2022-09-21 16:49:19] [laomianyang INFO] 2/5 Try to load profile from 'LittleSkin'.
[2022-09-21 16:49:19] [laomianyang DEBUG] Try to request 'https://mcskin.littleservice.cn/laomianyang.json'.
[2022-09-21 16:49:21] [laomianyang DEBUG] Successfully request (Response Code: 304 , Content Length: -1)
[2022-09-21 16:49:21] [laomianyang DEBUG] Cache file found (Length: 3 , Path: 'C:\Users\19029\Desktop\Coding\program files\platform\[绵羊服]泰拉瑞亚RPG\[绵羊服]泰拉瑞亚RPG客户端\PCL\.minecraft\CustomSkinLoader\caches\82b18e1fd03dd82ed07fdf5d7aa0fe5b1297320b' , Expire: 0')
[2022-09-21 16:49:21] [laomianyang INFO] Try to load from cache 'C:\Users\19029\Desktop\Coding\program files\platform\[绵羊服]泰拉瑞亚RPG\[绵羊服]泰拉瑞亚RPG客户端\PCL\.minecraft\CustomSkinLoader\caches\82b18e1fd03dd82ed07fdf5d7aa0fe5b1297320b'.
[2022-09-21 16:49:21] [laomianyang DEBUG] Successfully load from cache
[2022-09-21 16:49:21] [laomianyang DEBUG] Content: {}

[2022-09-21 16:49:21] [laomianyang INFO] Both skin and cape not found.
[2022-09-21 16:49:21] [laomianyang INFO] 3/5 Try to load profile from 'BlessingSkin'.
[2022-09-21 16:49:21] [laomianyang DEBUG] Try to request 'http://skin.prinzeugen.net/laomianyang.json'.
[2022-09-21 16:49:22] [laomianyang DEBUG] Successfully request (Response Code: 301 , Content Length: -1)
[2022-09-21 16:49:22] [laomianyang DEBUG] Saved to cache (Length: 0 , Path: 'C:\Users\19029\Desktop\Coding\program files\platform\[绵羊服]泰拉瑞亚RPG\[绵羊服]泰拉瑞亚RPG客户端\PCL\.minecraft\CustomSkinLoader\caches\72bea96b337a1e961ebc6be06a7e9095283c9b78' , Expire: 1663804162)
[2022-09-21 16:49:22] [laomianyang DEBUG] Content: 
[2022-09-21 16:49:22] [laomianyang INFO] Profile not found.
[2022-09-21 16:49:22] [laomianyang INFO] 4/5 Try to load profile from 'SkinMe'.
[2022-09-21 16:49:22] [laomianyang DEBUG] Try to request 'http://www.skinme.cc/uniskin/laomianyang.json'.
[2022-09-21 16:49:23] [laomianyang DEBUG] Successfully request (Response Code: 200 , Content Length: 101)
[2022-09-21 16:49:23] [laomianyang DEBUG] Saved to cache (Length: 101 , Path: 'C:\Users\19029\Desktop\Coding\program files\platform\[绵羊服]泰拉瑞亚RPG\[绵羊服]泰拉瑞亚RPG客户端\PCL\.minecraft\CustomSkinLoader\caches\2c3e011dc5d7195843b08b5eec45245c50af05d8' , Expire: 1663800654)
[2022-09-21 16:49:23] [laomianyang DEBUG] Content: {"player_name":"laomianyang","model_preference":["default"],"skins":{"default":"skinme_skin_464168"}}
[2022-09-21 16:49:23] [laomianyang INFO] laomianyang's profile loaded.
[2022-09-21 16:49:23] [laomianyang INFO] (SkinUrl: http://www.skinme.cc/uniskin/textures/skinme_skin_464168 , Model: default , CapeUrl: null  , Expiry: 1663800584)
[2022-09-21 17:14:11] [laomianyang INFO] Loading laomianyang's profile.
[2022-09-21 17:14:11] [laomianyang INFO] 1/5 Try to load profile from 'Mojang'.
[2022-09-21 17:14:11] [laomianyang DEBUG] Try to request 'https://api.mojang.com/users/profiles/minecraft/laomianyang'.
[2022-09-21 17:14:11] [laomianyang DEBUG] Cache file found (Length: 0 , Path: 'C:\Users\19029\Desktop\Coding\program files\platform\[绵羊服]泰拉瑞亚RPG\[绵羊服]泰拉瑞亚RPG客户端\PCL\.minecraft\CustomSkinLoader\caches\956c7c39b8488d6e480d9ffc20cd1cbbaa85aee3' , Expire: 0')
[2022-09-21 17:14:11] [laomianyang INFO] Try to load from cache 'C:\Users\19029\Desktop\Coding\program files\platform\[绵羊服]泰拉瑞亚RPG\[绵羊服]泰拉瑞亚RPG客户端\PCL\.minecraft\CustomSkinLoader\caches\956c7c39b8488d6e480d9ffc20cd1cbbaa85aee3'.
[2022-09-21 17:14:11] [laomianyang DEBUG] Successfully load from cache
[2022-09-21 17:14:11] [laomianyang DEBUG] Content: 
[2022-09-21 17:14:11] [laomianyang INFO] Profile not found.(laomianyang's profile not found.)
[2022-09-21 17:14:11] [laomianyang INFO] 2/5 Try to load profile from 'LittleSkin'.
[2022-09-21 17:14:11] [laomianyang DEBUG] Try to request 'https://mcskin.littleservice.cn/laomianyang.json'.
[2022-09-21 17:14:12] [laomianyang DEBUG] Successfully request (Response Code: 304 , Content Length: -1)
[2022-09-21 17:14:12] [laomianyang DEBUG] Cache file found (Length: 3 , Path: 'C:\Users\19029\Desktop\Coding\program files\platform\[绵羊服]泰拉瑞亚RPG\[绵羊服]泰拉瑞亚RPG客户端\PCL\.minecraft\CustomSkinLoader\caches\82b18e1fd03dd82ed07fdf5d7aa0fe5b1297320b' , Expire: 0')
[2022-09-21 17:14:12] [laomianyang INFO] Try to load from cache 'C:\Users\19029\Desktop\Coding\program files\platform\[绵羊服]泰拉瑞亚RPG\[绵羊服]泰拉瑞亚RPG客户端\PCL\.minecraft\CustomSkinLoader\caches\82b18e1fd03dd82ed07fdf5d7aa0fe5b1297320b'.
[2022-09-21 17:14:12] [laomianyang DEBUG] Successfully load from cache
[2022-09-21 17:14:12] [laomianyang DEBUG] Content: {}

[2022-09-21 17:14:12] [laomianyang INFO] Both skin and cape not found.
[2022-09-21 17:14:12] [laomianyang INFO] 3/5 Try to load profile from 'BlessingSkin'.
[2022-09-21 17:14:12] [laomianyang DEBUG] Try to request 'http://skin.prinzeugen.net/laomianyang.json'.
[2022-09-21 17:14:12] [laomianyang DEBUG] Cache file found (Length: 0 , Path: 'C:\Users\19029\Desktop\Coding\program files\platform\[绵羊服]泰拉瑞亚RPG\[绵羊服]泰拉瑞亚RPG客户端\PCL\.minecraft\CustomSkinLoader\caches\72bea96b337a1e961ebc6be06a7e9095283c9b78' , Expire: 1663804162')
[2022-09-21 17:14:12] [laomianyang INFO] Try to load from cache 'C:\Users\19029\Desktop\Coding\program files\platform\[绵羊服]泰拉瑞亚RPG\[绵羊服]泰拉瑞亚RPG客户端\PCL\.minecraft\CustomSkinLoader\caches\72bea96b337a1e961ebc6be06a7e9095283c9b78'.
[2022-09-21 17:14:12] [laomianyang DEBUG] Successfully load from cache
[2022-09-21 17:14:12] [laomianyang DEBUG] Content: 
[2022-09-21 17:14:12] [laomianyang INFO] Profile not found.
[2022-09-21 17:14:12] [laomianyang INFO] 4/5 Try to load profile from 'SkinMe'.
[2022-09-21 17:14:12] [laomianyang DEBUG] Try to request 'http://www.skinme.cc/uniskin/laomianyang.json'.
[2022-09-21 17:14:13] [laomianyang DEBUG] Successfully request (Response Code: 200 , Content Length: -1)
[2022-09-21 17:14:13] [laomianyang DEBUG] Saved to cache (Length: 101 , Path: 'C:\Users\19029\Desktop\Coding\program files\platform\[绵羊服]泰拉瑞亚RPG\[绵羊服]泰拉瑞亚RPG客户端\PCL\.minecraft\CustomSkinLoader\caches\2c3e011dc5d7195843b08b5eec45245c50af05d8' , Expire: 1663802146)
[2022-09-21 17:14:13] [laomianyang DEBUG] Content: {"player_name":"laomianyang","model_preference":["default"],"skins":{"default":"skinme_skin_464168"}}
[2022-09-21 17:14:13] [laomianyang INFO] laomianyang's profile loaded.
[2022-09-21 17:14:13] [laomianyang INFO] (SkinUrl: http://www.skinme.cc/uniskin/textures/skinme_skin_464168 , Model: default , CapeUrl: null  , Expiry: 1663802074)
