[09-13 16:53:51]: [INFO] Created column 'regdate' and set the current timestamp, 1663109631264, to all 0 rows
[09-13 16:53:51]: [INFO] SQLite Setup finished
[09-13 16:53:51]: [INFO] Hooked into Vault!
[09-13 16:53:51]: [INFO] Hooked successfully into Essentials
[09-13 16:53:51]: [INFO] Essentials spawn file not found: 'C:\Users\sunny\OneDrive\Desktop\other\MC\server\[绵羊服]泰拉瑞亚RPG灾厄服务端 - 1.12\server\plugins\Essentials\spawn.yml'
[09-13 16:53:51]: [INFO] AuthMe 5.6.0-beta2 build n.2453 successfully enabled!
[09-13 16:53:54]: [INFO] Downloading GEO IP database, because the old database is older than 30 days or doesn't exist
[09-13 16:53:54]: [WARN] No MaxMind credentials found in the configuration file! GeoIp protections will be disabled.
[09-13 16:53:54]: [INFO] There is no newer GEO IP database uploaded to MaxMind. Using the old one for now.
[09-13 16:53:54]: [WARN] Could not download GeoLiteAPI database [FileNotFoundException]: plugins\AuthMe\GeoLite2-Country.mmdb (系统找不到指定的文件。)
[09-13 16:53:54]: java.io.FileNotFoundException: plugins\AuthMe\GeoLite2-Country.mmdb (系统找不到指定的文件。)
	at java.io.RandomAccessFile.open0(Native Method)
	at java.io.RandomAccessFile.open(Unknown Source)
	at java.io.RandomAccessFile.<init>(Unknown Source)
	at fr.xephi.authme.libs.com.maxmind.db.BufferHolder.<init>(BufferHolder.java:20)
	at fr.xephi.authme.libs.com.maxmind.db.Reader.<init>(Reader.java:121)
	at fr.xephi.authme.service.GeoIpService.startReading(GeoIpService.java:173)
	at fr.xephi.authme.service.GeoIpService.updateDatabase(GeoIpService.java:144)
	at org.bukkit.craftbukkit.v1_12_R1.scheduler.CraftTask.run(CraftTask.java:64)
	at org.bukkit.craftbukkit.v1_12_R1.scheduler.CraftAsyncTask.run(CraftAsyncTask.java:52)
	at com.destroystokyo.paper.ServerSchedulerReportingWrapper.run(ServerSchedulerReportingWrapper.java:22)
	at java.util.concurrent.ThreadPoolExecutor.runWorker(Unknown Source)
	at java.util.concurrent.ThreadPoolExecutor$Worker.run(Unknown Source)
	at java.lang.Thread.run(Unknown Source)

[09-13 16:54:36]: [INFO] Essentials spawn file not found: 'C:\Users\sunny\OneDrive\Desktop\other\MC\server\[绵羊服]泰拉瑞亚RPG灾厄服务端 - 1.12\server\plugins\Essentials\spawn.yml'
[09-13 16:54:36]: [INFO] Unhooked from Permissions!
[09-13 16:54:36]: [INFO] Hooked into Vault!
[09-13 16:54:36]: [INFO] SQLite Setup finished
[09-13 16:54:47]: [FINE] laomianyang registered 127.0.0.1
[09-13 16:54:47]: [FINE] laomianyang logged in 127.0.0.1
[09-13 17:01:31]: [INFO] AuthMe 5.6.0-beta2-b2453 disabled!
[09-13 17:01:40]: [INFO] SQLite Setup finished
[09-13 17:01:40]: [INFO] Hooked into Vault!
[09-13 17:01:40]: [INFO] Hooked successfully into Essentials
[09-13 17:01:40]: [INFO] Essentials spawn file not found: 'C:\Users\sunny\OneDrive\Desktop\other\MC\server\[绵羊服]泰拉瑞亚RPG灾厄服务端 - 1.12\server\plugins\Essentials\spawn.yml'
[09-13 17:01:41]: [INFO] AuthMe 5.6.0-beta2 build n.2453 successfully enabled!
[09-13 17:01:44]: [INFO] Downloading GEO IP database, because the old database is older than 30 days or doesn't exist
[09-13 17:01:44]: [WARN] No MaxMind credentials found in the configuration file! GeoIp protections will be disabled.
[09-13 17:01:44]: [INFO] There is no newer GEO IP database uploaded to MaxMind. Using the old one for now.
[09-13 17:01:44]: [WARN] Could not download GeoLiteAPI database [FileNotFoundException]: plugins\AuthMe\GeoLite2-Country.mmdb (系统找不到指定的文件。)
[09-13 17:01:44]: java.io.FileNotFoundException: plugins\AuthMe\GeoLite2-Country.mmdb (系统找不到指定的文件。)
	at java.io.RandomAccessFile.open0(Native Method)
	at java.io.RandomAccessFile.open(Unknown Source)
	at java.io.RandomAccessFile.<init>(Unknown Source)
	at fr.xephi.authme.libs.com.maxmind.db.BufferHolder.<init>(BufferHolder.java:20)
	at fr.xephi.authme.libs.com.maxmind.db.Reader.<init>(Reader.java:121)
	at fr.xephi.authme.service.GeoIpService.startReading(GeoIpService.java:173)
	at fr.xephi.authme.service.GeoIpService.updateDatabase(GeoIpService.java:144)
	at org.bukkit.craftbukkit.v1_12_R1.scheduler.CraftTask.run(CraftTask.java:64)
	at org.bukkit.craftbukkit.v1_12_R1.scheduler.CraftAsyncTask.run(CraftAsyncTask.java:52)
	at com.destroystokyo.paper.ServerSchedulerReportingWrapper.run(ServerSchedulerReportingWrapper.java:22)
	at java.util.concurrent.ThreadPoolExecutor.runWorker(Unknown Source)
	at java.util.concurrent.ThreadPoolExecutor$Worker.run(Unknown Source)
	at java.lang.Thread.run(Unknown Source)

[09-13 17:01:55]: [FINE] laomianyang logged in 127.0.0.1
[09-13 17:09:00]: [FINE] laomianyang logged in 127.0.0.1
[09-13 17:11:38]: [FINE] laomianyang logged in 127.0.0.1
[09-13 18:01:24]: [INFO] AuthMe 5.6.0-beta2-b2453 disabled!
[09-13 18:01:31]: [INFO] SQLite Setup finished
[09-13 18:01:31]: [INFO] Hooked into Vault!
[09-13 18:01:31]: [INFO] Hooked successfully into Essentials
[09-13 18:01:31]: [INFO] Essentials spawn file not found: 'C:\Users\sunny\OneDrive\Desktop\other\MC\server\[绵羊服]泰拉瑞亚RPG灾厄服务端 - 1.12\server\plugins\Essentials\spawn.yml'
[09-13 18:01:31]: [INFO] AuthMe 5.6.0-beta2 build n.2453 successfully enabled!
[09-13 18:01:34]: [INFO] Downloading GEO IP database, because the old database is older than 30 days or doesn't exist
[09-13 18:01:34]: [WARN] No MaxMind credentials found in the configuration file! GeoIp protections will be disabled.
[09-13 18:01:34]: [INFO] There is no newer GEO IP database uploaded to MaxMind. Using the old one for now.
[09-13 18:01:34]: [WARN] Could not download GeoLiteAPI database [FileNotFoundException]: plugins\AuthMe\GeoLite2-Country.mmdb (系统找不到指定的文件。)
[09-13 18:01:34]: java.io.FileNotFoundException: plugins\AuthMe\GeoLite2-Country.mmdb (系统找不到指定的文件。)
	at java.io.RandomAccessFile.open0(Native Method)
	at java.io.RandomAccessFile.open(Unknown Source)
	at java.io.RandomAccessFile.<init>(Unknown Source)
	at fr.xephi.authme.libs.com.maxmind.db.BufferHolder.<init>(BufferHolder.java:20)
	at fr.xephi.authme.libs.com.maxmind.db.Reader.<init>(Reader.java:121)
	at fr.xephi.authme.service.GeoIpService.startReading(GeoIpService.java:173)
	at fr.xephi.authme.service.GeoIpService.updateDatabase(GeoIpService.java:144)
	at org.bukkit.craftbukkit.v1_12_R1.scheduler.CraftTask.run(CraftTask.java:64)
	at org.bukkit.craftbukkit.v1_12_R1.scheduler.CraftAsyncTask.run(CraftAsyncTask.java:52)
	at com.destroystokyo.paper.ServerSchedulerReportingWrapper.run(ServerSchedulerReportingWrapper.java:22)
	at java.util.concurrent.ThreadPoolExecutor.runWorker(Unknown Source)
	at java.util.concurrent.ThreadPoolExecutor$Worker.run(Unknown Source)
	at java.lang.Thread.run(Unknown Source)

[09-13 18:11:14]: [FINE] laomianyang logged in 127.0.0.1
[09-13 18:28:39]: [FINE] laomianyang logged in 127.0.0.1
[09-13 19:40:50]: [INFO] AuthMe 5.6.0-beta2-b2453 disabled!
[09-14 18:13:50]: [INFO] SQLite Setup finished
[09-14 18:13:50]: [INFO] Hooked into Vault!
[09-14 18:13:50]: [INFO] Hooked successfully into Essentials
[09-14 18:13:50]: [INFO] Essentials spawn file not found: 'C:\Users\sunny\OneDrive\Desktop\other\MC\server\[绵羊服]泰拉瑞亚RPG灾厄服务端 - 1.12\server\plugins\Essentials\spawn.yml'
[09-14 18:13:50]: [INFO] AuthMe 5.6.0-beta2 build n.2453 successfully enabled!
[09-14 18:13:53]: [INFO] Downloading GEO IP database, because the old database is older than 30 days or doesn't exist
[09-14 18:13:53]: [WARN] No MaxMind credentials found in the configuration file! GeoIp protections will be disabled.
[09-14 18:13:53]: [INFO] There is no newer GEO IP database uploaded to MaxMind. Using the old one for now.
[09-14 18:13:53]: [WARN] Could not download GeoLiteAPI database [FileNotFoundException]: plugins\AuthMe\GeoLite2-Country.mmdb (系统找不到指定的文件。)
[09-14 18:13:53]: java.io.FileNotFoundException: plugins\AuthMe\GeoLite2-Country.mmdb (系统找不到指定的文件。)
	at java.io.RandomAccessFile.open0(Native Method)
	at java.io.RandomAccessFile.open(Unknown Source)
	at java.io.RandomAccessFile.<init>(Unknown Source)
	at fr.xephi.authme.libs.com.maxmind.db.BufferHolder.<init>(BufferHolder.java:20)
	at fr.xephi.authme.libs.com.maxmind.db.Reader.<init>(Reader.java:121)
	at fr.xephi.authme.service.GeoIpService.startReading(GeoIpService.java:173)
	at fr.xephi.authme.service.GeoIpService.updateDatabase(GeoIpService.java:144)
	at org.bukkit.craftbukkit.v1_12_R1.scheduler.CraftTask.run(CraftTask.java:64)
	at org.bukkit.craftbukkit.v1_12_R1.scheduler.CraftAsyncTask.run(CraftAsyncTask.java:52)
	at com.destroystokyo.paper.ServerSchedulerReportingWrapper.run(ServerSchedulerReportingWrapper.java:22)
	at java.util.concurrent.ThreadPoolExecutor.runWorker(Unknown Source)
	at java.util.concurrent.ThreadPoolExecutor$Worker.run(Unknown Source)
	at java.lang.Thread.run(Unknown Source)

[09-14 19:07:41]: [FINE] laomianyang logged in 192.168.1.73
[09-14 21:06:53]: [FINE] laomianyang logged in 192.168.1.73
[09-14 21:07:29]: [INFO] laomianyang logged out
[09-14 21:07:32]: [FINE] laomianyang logged in 192.168.1.73
[09-14 21:08:24]: [FINE] laomianyang logged in 192.168.1.73
[09-14 21:14:59]: [INFO] AuthMe 5.6.0-beta2-b2453 disabled!
[09-14 22:47:39]: [INFO] SQLite Setup finished
[09-14 22:47:39]: [INFO] Hooked into Vault!
[09-14 22:47:39]: [INFO] Hooked successfully into Essentials
[09-14 22:47:39]: [INFO] Essentials spawn file not found: 'C:\Users\sunny\OneDrive\Desktop\other\MC\server\[绵羊服]泰拉瑞亚RPG灾厄服务端 - 1.12\server\plugins\Essentials\spawn.yml'
[09-14 22:47:39]: [INFO] AuthMe 5.6.0-beta2 build n.2453 successfully enabled!
[09-14 22:47:43]: [INFO] Downloading GEO IP database, because the old database is older than 30 days or doesn't exist
[09-14 22:47:43]: [WARN] No MaxMind credentials found in the configuration file! GeoIp protections will be disabled.
[09-14 22:47:43]: [INFO] There is no newer GEO IP database uploaded to MaxMind. Using the old one for now.
[09-14 22:47:43]: [WARN] Could not download GeoLiteAPI database [FileNotFoundException]: plugins\AuthMe\GeoLite2-Country.mmdb (系统找不到指定的文件。)
[09-14 22:47:43]: java.io.FileNotFoundException: plugins\AuthMe\GeoLite2-Country.mmdb (系统找不到指定的文件。)
	at java.io.RandomAccessFile.open0(Native Method)
	at java.io.RandomAccessFile.open(RandomAccessFile.java:316)
	at java.io.RandomAccessFile.<init>(RandomAccessFile.java:243)
	at fr.xephi.authme.libs.com.maxmind.db.BufferHolder.<init>(BufferHolder.java:20)
	at fr.xephi.authme.libs.com.maxmind.db.Reader.<init>(Reader.java:121)
	at fr.xephi.authme.service.GeoIpService.startReading(GeoIpService.java:173)
	at fr.xephi.authme.service.GeoIpService.updateDatabase(GeoIpService.java:144)
	at org.bukkit.craftbukkit.v1_12_R1.scheduler.CraftTask.run(CraftTask.java:64)
	at org.bukkit.craftbukkit.v1_12_R1.scheduler.CraftAsyncTask.run(CraftAsyncTask.java:52)
	at com.destroystokyo.paper.ServerSchedulerReportingWrapper.run(ServerSchedulerReportingWrapper.java:22)
	at java.util.concurrent.ThreadPoolExecutor.runWorker(ThreadPoolExecutor.java:1149)
	at java.util.concurrent.ThreadPoolExecutor$Worker.run(ThreadPoolExecutor.java:624)
	at java.lang.Thread.run(Thread.java:750)

[09-15 15:35:02]: [INFO] SQLite Setup finished
[09-15 15:35:02]: [INFO] Hooked into Vault!
[09-15 15:35:02]: [INFO] Hooked successfully into Essentials
[09-15 15:35:02]: [INFO] Essentials spawn file not found: 'C:\Users\sunny\OneDrive\Desktop\other\MC\server\[绵羊服]泰拉瑞亚RPG灾厄服务端 - 1.12\server\plugins\Essentials\spawn.yml'
[09-15 15:35:02]: [INFO] AuthMe 5.6.0-beta2 build n.2453 successfully enabled!
[09-15 15:35:14]: [INFO] SQLite Setup finished
[09-15 15:35:14]: [INFO] Hooked into Vault!
[09-15 15:35:14]: [INFO] Hooked successfully into Essentials
[09-15 15:35:14]: [INFO] Essentials spawn file not found: 'C:\Users\sunny\OneDrive\Desktop\other\MC\server\[绵羊服]泰拉瑞亚RPG灾厄服务端 - 1.12\server\plugins\Essentials\spawn.yml'
[09-15 15:35:14]: [INFO] AuthMe 5.6.0-beta2 build n.2453 successfully enabled!
[09-15 15:35:18]: [INFO] Downloading GEO IP database, because the old database is older than 30 days or doesn't exist
[09-15 15:35:18]: [WARN] No MaxMind credentials found in the configuration file! GeoIp protections will be disabled.
[09-15 15:35:18]: [INFO] There is no newer GEO IP database uploaded to MaxMind. Using the old one for now.
[09-15 15:35:18]: [WARN] Could not download GeoLiteAPI database [FileNotFoundException]: plugins\AuthMe\GeoLite2-Country.mmdb (系统找不到指定的文件。)
[09-15 15:35:18]: java.io.FileNotFoundException: plugins\AuthMe\GeoLite2-Country.mmdb (系统找不到指定的文件。)
	at java.io.RandomAccessFile.open0(Native Method)
	at java.io.RandomAccessFile.open(RandomAccessFile.java:316)
	at java.io.RandomAccessFile.<init>(RandomAccessFile.java:243)
	at fr.xephi.authme.libs.com.maxmind.db.BufferHolder.<init>(BufferHolder.java:20)
	at fr.xephi.authme.libs.com.maxmind.db.Reader.<init>(Reader.java:121)
	at fr.xephi.authme.service.GeoIpService.startReading(GeoIpService.java:173)
	at fr.xephi.authme.service.GeoIpService.updateDatabase(GeoIpService.java:144)
	at org.bukkit.craftbukkit.v1_12_R1.scheduler.CraftTask.run(CraftTask.java:64)
	at org.bukkit.craftbukkit.v1_12_R1.scheduler.CraftAsyncTask.run(CraftAsyncTask.java:52)
	at com.destroystokyo.paper.ServerSchedulerReportingWrapper.run(ServerSchedulerReportingWrapper.java:22)
	at java.util.concurrent.ThreadPoolExecutor.runWorker(ThreadPoolExecutor.java:1149)
	at java.util.concurrent.ThreadPoolExecutor$Worker.run(ThreadPoolExecutor.java:624)
	at java.lang.Thread.run(Thread.java:750)

[09-15 16:34:17]: [INFO] AuthMe 5.6.0-beta2-b2453 disabled!
[09-15 16:34:23]: [INFO] SQLite Setup finished
[09-15 16:34:23]: [INFO] Hooked into Vault!
[09-15 16:34:23]: [INFO] Hooked successfully into Essentials
[09-15 16:34:23]: [INFO] Essentials spawn file not found: 'C:\Users\sunny\OneDrive\Desktop\other\MC\server\[绵羊服]泰拉瑞亚RPG灾厄服务端 - 1.12\server\plugins\Essentials\spawn.yml'
[09-15 16:34:23]: [INFO] AuthMe 5.6.0-beta2 build n.2453 successfully enabled!
[09-15 16:34:26]: [INFO] Downloading GEO IP database, because the old database is older than 30 days or doesn't exist
[09-15 16:34:26]: [WARN] No MaxMind credentials found in the configuration file! GeoIp protections will be disabled.
[09-15 16:34:26]: [INFO] There is no newer GEO IP database uploaded to MaxMind. Using the old one for now.
[09-15 16:34:26]: [WARN] Could not download GeoLiteAPI database [FileNotFoundException]: plugins\AuthMe\GeoLite2-Country.mmdb (系统找不到指定的文件。)
[09-15 16:34:26]: java.io.FileNotFoundException: plugins\AuthMe\GeoLite2-Country.mmdb (系统找不到指定的文件。)
	at java.io.RandomAccessFile.open0(Native Method)
	at java.io.RandomAccessFile.open(RandomAccessFile.java:316)
	at java.io.RandomAccessFile.<init>(RandomAccessFile.java:243)
	at fr.xephi.authme.libs.com.maxmind.db.BufferHolder.<init>(BufferHolder.java:20)
	at fr.xephi.authme.libs.com.maxmind.db.Reader.<init>(Reader.java:121)
	at fr.xephi.authme.service.GeoIpService.startReading(GeoIpService.java:173)
	at fr.xephi.authme.service.GeoIpService.updateDatabase(GeoIpService.java:144)
	at org.bukkit.craftbukkit.v1_12_R1.scheduler.CraftTask.run(CraftTask.java:64)
	at org.bukkit.craftbukkit.v1_12_R1.scheduler.CraftAsyncTask.run(CraftAsyncTask.java:52)
	at com.destroystokyo.paper.ServerSchedulerReportingWrapper.run(ServerSchedulerReportingWrapper.java:22)
	at java.util.concurrent.ThreadPoolExecutor.runWorker(ThreadPoolExecutor.java:1149)
	at java.util.concurrent.ThreadPoolExecutor$Worker.run(ThreadPoolExecutor.java:624)
	at java.lang.Thread.run(Thread.java:750)

[09-15 17:21:24]: [INFO] AuthMe 5.6.0-beta2-b2453 disabled!
[09-15 17:21:30]: [INFO] SQLite Setup finished
[09-15 17:21:30]: [INFO] Hooked into Vault!
[09-15 17:21:30]: [INFO] Hooked successfully into Essentials
[09-15 17:21:30]: [INFO] Essentials spawn file not found: 'C:\Users\sunny\OneDrive\Desktop\other\MC\server\[绵羊服]泰拉瑞亚RPG灾厄服务端 - 1.12\server\plugins\Essentials\spawn.yml'
[09-15 17:21:30]: [INFO] AuthMe 5.6.0-beta2 build n.2453 successfully enabled!
[09-15 17:21:34]: [INFO] Downloading GEO IP database, because the old database is older than 30 days or doesn't exist
[09-15 17:21:34]: [WARN] No MaxMind credentials found in the configuration file! GeoIp protections will be disabled.
[09-15 17:21:34]: [INFO] There is no newer GEO IP database uploaded to MaxMind. Using the old one for now.
[09-15 17:21:34]: [WARN] Could not download GeoLiteAPI database [FileNotFoundException]: plugins\AuthMe\GeoLite2-Country.mmdb (系统找不到指定的文件。)
[09-15 17:21:34]: java.io.FileNotFoundException: plugins\AuthMe\GeoLite2-Country.mmdb (系统找不到指定的文件。)
	at java.io.RandomAccessFile.open0(Native Method)
	at java.io.RandomAccessFile.open(RandomAccessFile.java:316)
	at java.io.RandomAccessFile.<init>(RandomAccessFile.java:243)
	at fr.xephi.authme.libs.com.maxmind.db.BufferHolder.<init>(BufferHolder.java:20)
	at fr.xephi.authme.libs.com.maxmind.db.Reader.<init>(Reader.java:121)
	at fr.xephi.authme.service.GeoIpService.startReading(GeoIpService.java:173)
	at fr.xephi.authme.service.GeoIpService.updateDatabase(GeoIpService.java:144)
	at org.bukkit.craftbukkit.v1_12_R1.scheduler.CraftTask.run(CraftTask.java:64)
	at org.bukkit.craftbukkit.v1_12_R1.scheduler.CraftAsyncTask.run(CraftAsyncTask.java:52)
	at com.destroystokyo.paper.ServerSchedulerReportingWrapper.run(ServerSchedulerReportingWrapper.java:22)
	at java.util.concurrent.ThreadPoolExecutor.runWorker(ThreadPoolExecutor.java:1149)
	at java.util.concurrent.ThreadPoolExecutor$Worker.run(ThreadPoolExecutor.java:624)
	at java.lang.Thread.run(Thread.java:750)

[09-15 17:31:53]: [FINE] laomianyang logged in 192.168.1.73
[09-15 18:31:40]: [FINE] laomianyang logged in 192.168.1.73
[09-15 18:42:57]: [FINE] laomianyang logged in 192.168.1.73
[09-15 19:58:52]: [INFO] AuthMe 5.6.0-beta2-b2453 disabled!
[09-16 19:18:29]: [INFO] SQLite Setup finished
[09-16 19:18:30]: [INFO] Hooked into Vault!
[09-16 19:18:30]: [INFO] Hooked successfully into Essentials
[09-16 19:18:30]: [INFO] Essentials spawn file not found: 'C:\Users\sunny\OneDrive\Desktop\other\MC\server\[绵羊服]泰拉瑞亚RPG灾厄服务端 - 1.12\server\plugins\Essentials\spawn.yml'
[09-16 19:18:30]: [INFO] AuthMe 5.6.0-beta2 build n.2453 successfully enabled!
[09-16 19:18:33]: [INFO] Downloading GEO IP database, because the old database is older than 30 days or doesn't exist
[09-16 19:18:33]: [WARN] No MaxMind credentials found in the configuration file! GeoIp protections will be disabled.
[09-16 19:18:33]: [INFO] There is no newer GEO IP database uploaded to MaxMind. Using the old one for now.
[09-16 19:18:33]: [WARN] Could not download GeoLiteAPI database [FileNotFoundException]: plugins\AuthMe\GeoLite2-Country.mmdb (系统找不到指定的文件。)
[09-16 19:18:33]: java.io.FileNotFoundException: plugins\AuthMe\GeoLite2-Country.mmdb (系统找不到指定的文件。)
	at java.io.RandomAccessFile.open0(Native Method)
	at java.io.RandomAccessFile.open(Unknown Source)
	at java.io.RandomAccessFile.<init>(Unknown Source)
	at fr.xephi.authme.libs.com.maxmind.db.BufferHolder.<init>(BufferHolder.java:20)
	at fr.xephi.authme.libs.com.maxmind.db.Reader.<init>(Reader.java:121)
	at fr.xephi.authme.service.GeoIpService.startReading(GeoIpService.java:173)
	at fr.xephi.authme.service.GeoIpService.updateDatabase(GeoIpService.java:144)
	at org.bukkit.craftbukkit.v1_12_R1.scheduler.CraftTask.run(CraftTask.java:64)
	at org.bukkit.craftbukkit.v1_12_R1.scheduler.CraftAsyncTask.run(CraftAsyncTask.java:52)
	at com.destroystokyo.paper.ServerSchedulerReportingWrapper.run(ServerSchedulerReportingWrapper.java:22)
	at java.util.concurrent.ThreadPoolExecutor.runWorker(Unknown Source)
	at java.util.concurrent.ThreadPoolExecutor$Worker.run(Unknown Source)
	at java.lang.Thread.run(Unknown Source)

[09-16 21:02:45]: [FINE] laomianyang logged in 192.168.1.73
[09-16 21:32:07]: [FINE] laomianyang used the wrong password
[09-16 21:32:23]: [FINE] laomianyang logged in 192.168.1.73
[09-16 21:38:11]: [INFO] AuthMe 5.6.0-beta2-b2453 disabled!
[09-16 22:12:56]: [INFO] SQLite Setup finished
[09-16 22:12:56]: [INFO] Hooked into Vault!
[09-16 22:12:56]: [INFO] Hooked successfully into Essentials
[09-16 22:12:56]: [INFO] Essentials spawn file not found: 'C:\Users\sunny\OneDrive\Desktop\other\MC\server\[绵羊服]泰拉瑞亚RPG灾厄服务端 - 1.12\server\plugins\Essentials\spawn.yml'
[09-16 22:12:56]: [INFO] AuthMe 5.6.0-beta2 build n.2453 successfully enabled!
[09-16 22:13:06]: [INFO] SQLite Setup finished
[09-16 22:13:06]: [INFO] Hooked into Vault!
[09-16 22:13:06]: [INFO] Hooked successfully into Essentials
[09-16 22:13:06]: [INFO] Essentials spawn file not found: 'C:\Users\sunny\OneDrive\Desktop\other\MC\server\[绵羊服]泰拉瑞亚RPG灾厄服务端 - 1.12\server\plugins\Essentials\spawn.yml'
[09-16 22:13:06]: [INFO] AuthMe 5.6.0-beta2 build n.2453 successfully enabled!
[09-16 22:13:09]: [INFO] Downloading GEO IP database, because the old database is older than 30 days or doesn't exist
[09-16 22:13:09]: [WARN] No MaxMind credentials found in the configuration file! GeoIp protections will be disabled.
[09-16 22:13:09]: [INFO] There is no newer GEO IP database uploaded to MaxMind. Using the old one for now.
[09-16 22:13:09]: [WARN] Could not download GeoLiteAPI database [FileNotFoundException]: plugins\AuthMe\GeoLite2-Country.mmdb (系统找不到指定的文件。)
[09-16 22:13:09]: java.io.FileNotFoundException: plugins\AuthMe\GeoLite2-Country.mmdb (系统找不到指定的文件。)
	at java.io.RandomAccessFile.open0(Native Method)
	at java.io.RandomAccessFile.open(RandomAccessFile.java:316)
	at java.io.RandomAccessFile.<init>(RandomAccessFile.java:243)
	at fr.xephi.authme.libs.com.maxmind.db.BufferHolder.<init>(BufferHolder.java:20)
	at fr.xephi.authme.libs.com.maxmind.db.Reader.<init>(Reader.java:121)
	at fr.xephi.authme.service.GeoIpService.startReading(GeoIpService.java:173)
	at fr.xephi.authme.service.GeoIpService.updateDatabase(GeoIpService.java:144)
	at org.bukkit.craftbukkit.v1_12_R1.scheduler.CraftTask.run(CraftTask.java:64)
	at org.bukkit.craftbukkit.v1_12_R1.scheduler.CraftAsyncTask.run(CraftAsyncTask.java:52)
	at com.destroystokyo.paper.ServerSchedulerReportingWrapper.run(ServerSchedulerReportingWrapper.java:22)
	at java.util.concurrent.ThreadPoolExecutor.runWorker(ThreadPoolExecutor.java:1149)
	at java.util.concurrent.ThreadPoolExecutor$Worker.run(ThreadPoolExecutor.java:624)
	at java.lang.Thread.run(Thread.java:750)

[09-16 22:17:27]: [FINE] laomianyang logged in 192.168.1.73
[09-16 22:21:39]: [FINE] laomianyang logged in 192.168.1.73
[09-16 22:38:30]: [FINE] laomianyang logged in 192.168.1.73
[09-16 22:58:18]: [FINE] laomianyang logged in 192.168.1.73
[09-16 23:07:40]: [FINE] laomianyang logged in 192.168.1.73
[09-16 23:09:04]: [INFO] laomianyang logged out
[09-16 23:09:06]: [FINE] laomianyang logged in 192.168.1.73
[09-17 10:13:20]: [INFO] SQLite Setup finished
[09-17 10:13:20]: [INFO] Hooked into Vault!
[09-17 10:13:20]: [INFO] Hooked successfully into Essentials
[09-17 10:13:20]: [INFO] Essentials spawn file not found: 'C:\Users\sunny\OneDrive\Desktop\other\MC\server\[绵羊服]泰拉瑞亚RPG灾厄服务端 - 1.12\server\plugins\Essentials\spawn.yml'
[09-17 10:13:20]: [INFO] AuthMe 5.6.0-beta2 build n.2453 successfully enabled!
[09-17 10:13:24]: [INFO] Downloading GEO IP database, because the old database is older than 30 days or doesn't exist
[09-17 10:13:24]: [WARN] No MaxMind credentials found in the configuration file! GeoIp protections will be disabled.
[09-17 10:13:24]: [INFO] There is no newer GEO IP database uploaded to MaxMind. Using the old one for now.
[09-17 10:13:24]: [WARN] Could not download GeoLiteAPI database [FileNotFoundException]: plugins\AuthMe\GeoLite2-Country.mmdb (系统找不到指定的文件。)
[09-17 10:13:24]: java.io.FileNotFoundException: plugins\AuthMe\GeoLite2-Country.mmdb (系统找不到指定的文件。)
	at java.io.RandomAccessFile.open0(Native Method)
	at java.io.RandomAccessFile.open(RandomAccessFile.java:316)
	at java.io.RandomAccessFile.<init>(RandomAccessFile.java:243)
	at fr.xephi.authme.libs.com.maxmind.db.BufferHolder.<init>(BufferHolder.java:20)
	at fr.xephi.authme.libs.com.maxmind.db.Reader.<init>(Reader.java:121)
	at fr.xephi.authme.service.GeoIpService.startReading(GeoIpService.java:173)
	at fr.xephi.authme.service.GeoIpService.updateDatabase(GeoIpService.java:144)
	at org.bukkit.craftbukkit.v1_12_R1.scheduler.CraftTask.run(CraftTask.java:64)
	at org.bukkit.craftbukkit.v1_12_R1.scheduler.CraftAsyncTask.run(CraftAsyncTask.java:52)
	at com.destroystokyo.paper.ServerSchedulerReportingWrapper.run(ServerSchedulerReportingWrapper.java:22)
	at java.util.concurrent.ThreadPoolExecutor.runWorker(ThreadPoolExecutor.java:1149)
	at java.util.concurrent.ThreadPoolExecutor$Worker.run(ThreadPoolExecutor.java:624)
	at java.lang.Thread.run(Thread.java:750)

[09-17 10:32:22]: [FINE] laomianyang logged in 192.168.1.73
[09-17 10:32:41]: [INFO] SQLite Setup finished
[09-17 10:32:41]: [INFO] Essentials spawn file not found: 'C:\Users\sunny\OneDrive\Desktop\other\MC\server\[绵羊服]泰拉瑞亚RPG灾厄服务端 - 1.12\server\plugins\Essentials\spawn.yml'
[09-17 10:32:41]: [INFO] Unhooked from Permissions!
[09-17 10:32:41]: [INFO] Hooked into Vault!
[09-17 10:45:14]: [FINE] laomianyang used the wrong password
[09-17 10:45:15]: [FINE] laomianyang logged in 192.168.1.73
[09-17 11:12:47]: [FINE] laomianyang logged in 192.168.1.73
[09-17 11:39:22]: [FINE] laomianyang logged in 192.168.1.73
[09-17 11:46:01]: [FINE] laomianyang logged in 192.168.1.73
[09-17 11:51:40]: [FINE] laomianyang logged in 192.168.1.73
[09-17 11:54:29]: [FINE] laomianyang logged in 192.168.1.73
[09-17 14:38:37]: [INFO] AuthMe 5.6.0-beta2-b2453 disabled!
[09-17 14:38:43]: [INFO] SQLite Setup finished
[09-17 14:38:43]: [INFO] Hooked into Vault!
[09-17 14:38:43]: [INFO] Hooked successfully into Essentials
[09-17 14:38:43]: [INFO] Essentials spawn file not found: 'C:\Users\sunny\OneDrive\Desktop\other\MC\server\[绵羊服]泰拉瑞亚RPG灾厄服务端 - 1.12\server\plugins\Essentials\spawn.yml'
[09-17 14:38:43]: [INFO] AuthMe 5.6.0-beta2 build n.2453 successfully enabled!
[09-17 14:38:46]: [INFO] Downloading GEO IP database, because the old database is older than 30 days or doesn't exist
[09-17 14:38:46]: [WARN] No MaxMind credentials found in the configuration file! GeoIp protections will be disabled.
[09-17 14:38:46]: [INFO] There is no newer GEO IP database uploaded to MaxMind. Using the old one for now.
[09-17 14:38:46]: [WARN] Could not download GeoLiteAPI database [FileNotFoundException]: plugins\AuthMe\GeoLite2-Country.mmdb (系统找不到指定的文件。)
[09-17 14:38:46]: java.io.FileNotFoundException: plugins\AuthMe\GeoLite2-Country.mmdb (系统找不到指定的文件。)
	at java.io.RandomAccessFile.open0(Native Method)
	at java.io.RandomAccessFile.open(RandomAccessFile.java:316)
	at java.io.RandomAccessFile.<init>(RandomAccessFile.java:243)
	at fr.xephi.authme.libs.com.maxmind.db.BufferHolder.<init>(BufferHolder.java:20)
	at fr.xephi.authme.libs.com.maxmind.db.Reader.<init>(Reader.java:121)
	at fr.xephi.authme.service.GeoIpService.startReading(GeoIpService.java:173)
	at fr.xephi.authme.service.GeoIpService.updateDatabase(GeoIpService.java:144)
	at org.bukkit.craftbukkit.v1_12_R1.scheduler.CraftTask.run(CraftTask.java:64)
	at org.bukkit.craftbukkit.v1_12_R1.scheduler.CraftAsyncTask.run(CraftAsyncTask.java:52)
	at com.destroystokyo.paper.ServerSchedulerReportingWrapper.run(ServerSchedulerReportingWrapper.java:22)
	at java.util.concurrent.ThreadPoolExecutor.runWorker(ThreadPoolExecutor.java:1149)
	at java.util.concurrent.ThreadPoolExecutor$Worker.run(ThreadPoolExecutor.java:624)
	at java.lang.Thread.run(Thread.java:750)

[09-17 14:43:25]: [FINE] laomianyang logged in 192.168.1.73
[09-17 14:58:13]: [FINE] laomianyang logged in 192.168.1.73
[09-17 15:00:21]: [INFO] AuthMe 5.6.0-beta2-b2453 disabled!
